#
# There is insufficient memory for the Java Runtime Environment to continue.
# Native memory allocation (malloc) failed to allocate 1280656 bytes for Chunk::new
# Possible reasons:
#   The system is out of physical RAM or swap space
#   The process is running with CompressedOops enabled, and the Java Heap may be blocking the growth of the native heap
# Possible solutions:
#   Reduce memory load on the system
#   Increase physical memory or swap space
#   Check if swap backing store is full
#   Decrease Java heap size (-Xmx/-Xms)
#   Decrease number of Java threads
#   Decrease Java thread stack sizes (-Xss)
#   Set larger code cache with -XX:ReservedCodeCacheSize=
#   JVM is running with Zero Based Compressed Oops mode in which the Java heap is
#     placed in the first 32GB address space. The Java Heap base address is the
#     maximum limit for the native heap growth. Please use -XX:HeapBaseMinAddress
#     to set the Java Heap base and to place the Java Heap above 32GB virtual address.
# This output file may be truncated or incomplete.
#
#  Out of Memory Error (t:/workspace/open/src/hotspot/share/memory/arena.cpp:197), pid=20676, tid=15316
#
# JRE version: Java(TM) SE Runtime Environment (11.0.6+8) (build 11.0.6+8-LTS)
# Java VM: Java HotSpot(TM) 64-Bit Server VM (11.0.6+8-LTS, mixed mode, tiered, compressed oops, g1 gc, windows-amd64)
# No core dump will be written. Minidumps are not enabled by default on client versions of Windows
#

---------------  S U M M A R Y ------------

Command Line: -Dfile.encoding=UTF-8 br.com.fiap.oneid.OneidApplication

Host: Intel(R) Core(TM) i5-9300H CPU @ 2.40GHz, 8 cores, 15G,  Windows 10 , 64 bit Build 19041 (10.0.19041.1202)
Time: Thu Sep 30 22:01:57 2021 Hora oficial do Brasil elapsed time: 3 seconds (0d 0h 0m 3s)

---------------  T H R E A D  ---------------

Current thread (0x000001d19152e800):  JavaThread "C2 CompilerThread0" daemon [_thread_in_native, id=15316, stack(0x0000004cb1e00000,0x0000004cb1f00000)]


Current CompileTask:
C2:   3947 4220   !   4       java.net.URL::<init> (543 bytes)

Stack: [0x0000004cb1e00000,0x0000004cb1f00000]
Native frames: (J=compiled Java code, j=interpreted, Vv=VM code, C=native code)
V  [jvm.dll+0x63679a]
V  [jvm.dll+0x7755bf]
V  [jvm.dll+0x776c65]
V  [jvm.dll+0x7772d3]
V  [jvm.dll+0x25e7f8]
V  [jvm.dll+0xc1c01]
V  [jvm.dll+0xc219c]
V  [jvm.dll+0x36d977]
V  [jvm.dll+0x1a9101]
V  [jvm.dll+0x218462]
V  [jvm.dll+0x2174fa]
V  [jvm.dll+0x193a2c]
V  [jvm.dll+0x226544]
V  [jvm.dll+0x224b28]
V  [jvm.dll+0x73a9c5]
V  [jvm.dll+0x733905]
V  [jvm.dll+0x635846]
C  [ucrtbase.dll+0x21bb2]
C  [KERNEL32.DLL+0x17034]
C  [ntdll.dll+0x52651]


---------------  P R O C E S S  ---------------

Threads class SMR info:
_java_thread_list=0x000001d19748fc50, length=14, elements={
0x000001d1edc12000, 0x000001d1914fc800, 0x000001d191500000, 0x000001d19152a800,
0x000001d19152b800, 0x000001d19152e800, 0x000001d191e1b800, 0x000001d191e23800,
0x000001d191f8f800, 0x000001d191f93000, 0x000001d191fc9800, 0x000001d1927c2000,
0x000001d1920e1000, 0x000001d193375000
}

Java Threads: ( => current thread )
  0x000001d1edc12000 JavaThread "main" [_thread_blocked, id=9356, stack(0x0000004cb1300000,0x0000004cb1400000)]
  0x000001d1914fc800 JavaThread "Reference Handler" daemon [_thread_blocked, id=19472, stack(0x0000004cb1a00000,0x0000004cb1b00000)]
  0x000001d191500000 JavaThread "Finalizer" daemon [_thread_blocked, id=3672, stack(0x0000004cb1b00000,0x0000004cb1c00000)]
  0x000001d19152a800 JavaThread "Signal Dispatcher" daemon [_thread_blocked, id=11972, stack(0x0000004cb1c00000,0x0000004cb1d00000)]
  0x000001d19152b800 JavaThread "Attach Listener" daemon [_thread_blocked, id=14260, stack(0x0000004cb1d00000,0x0000004cb1e00000)]
=>0x000001d19152e800 JavaThread "C2 CompilerThread0" daemon [_thread_in_native, id=15316, stack(0x0000004cb1e00000,0x0000004cb1f00000)]
  0x000001d191e1b800 JavaThread "C1 CompilerThread0" daemon [_thread_blocked, id=18572, stack(0x0000004cb1f00000,0x0000004cb2000000)]
  0x000001d191e23800 JavaThread "Sweeper thread" daemon [_thread_blocked, id=17596, stack(0x0000004cb2000000,0x0000004cb2100000)]
  0x000001d191f8f800 JavaThread "Service Thread" daemon [_thread_blocked, id=5728, stack(0x0000004cb2100000,0x0000004cb2200000)]
  0x000001d191f93000 JavaThread "Common-Cleaner" daemon [_thread_blocked, id=8276, stack(0x0000004cb2300000,0x0000004cb2400000)]
  0x000001d191fc9800 JavaThread "C2 CompilerThread1" daemon [_thread_in_native, id=8588, stack(0x0000004cb2400000,0x0000004cb2500000)]
  0x000001d1927c2000 JavaThread "Thread-0" [_thread_blocked, id=9152, stack(0x0000004cb2a00000,0x0000004cb2b00000)]
  0x000001d1920e1000 JavaThread "restartedMain" [_thread_in_vm, id=19628, stack(0x0000004cb2b00000,0x0000004cb2c00000)]
  0x000001d193375000 JavaThread "C2 CompilerThread2" daemon [_thread_in_native, id=13620, stack(0x0000004cb3000000,0x0000004cb3100000)]

Other Threads:
  0x000001d1914e5800 VMThread "VM Thread" [stack: 0x0000004cb1900000,0x0000004cb1a00000] [id=17680]
  0x000001d191f94800 WatcherThread [stack: 0x0000004cb2200000,0x0000004cb2300000] [id=15336]
  0x000001d1edc28800 GCTaskThread "GC Thread#0" [stack: 0x0000004cb1400000,0x0000004cb1500000] [id=20640]
  0x000001d192df8000 GCTaskThread "GC Thread#1" [stack: 0x0000004cb2500000,0x0000004cb2600000] [id=11800]
  0x000001d192d05800 GCTaskThread "GC Thread#2" [stack: 0x0000004cb2600000,0x0000004cb2700000] [id=20828]
  0x000001d192dd9000 GCTaskThread "GC Thread#3" [stack: 0x0000004cb2700000,0x0000004cb2800000] [id=3768]
  0x000001d192750000 GCTaskThread "GC Thread#4" [stack: 0x0000004cb2800000,0x0000004cb2900000] [id=3932]
  0x000001d19281d000 GCTaskThread "GC Thread#5" [stack: 0x0000004cb2900000,0x0000004cb2a00000] [id=21420]
  0x000001d193460800 GCTaskThread "GC Thread#6" [stack: 0x0000004cb2d00000,0x0000004cb2e00000] [id=20044]
  0x000001d1935e5800 GCTaskThread "GC Thread#7" [stack: 0x0000004cb2e00000,0x0000004cb2f00000] [id=15332]
  0x000001d1edc83800 ConcurrentGCThread "G1 Main Marker" [stack: 0x0000004cb1500000,0x0000004cb1600000] [id=21460]
  0x000001d1edc8a000 ConcurrentGCThread "G1 Conc#0" [stack: 0x0000004cb1600000,0x0000004cb1700000] [id=20776]
  0x000001d192c42800 ConcurrentGCThread "G1 Conc#1" [stack: 0x0000004cb2f00000,0x0000004cb3000000] [id=16916]
  0x000001d1913e9800 ConcurrentGCThread "G1 Refine#0" [stack: 0x0000004cb1700000,0x0000004cb1800000] [id=13416]
  0x000001d1913ec800 ConcurrentGCThread "G1 Young RemSet Sampling" [stack: 0x0000004cb1800000,0x0000004cb1900000] [id=10380]

Threads with active compile tasks:
C2 CompilerThread04220   !   4       java.net.URL::<init> (543 bytes)
C2 CompilerThread14416 %     4       java.util.Properties$LineReader::readLine @ 53 (584 bytes)
C2 CompilerThread24253       4       org.springframework.beans.factory.support.AbstractBeanFactory::isTypeMatch (607 bytes)

VM state:not at safepoint (normal execution)

VM Mutex/Monitor currently owned by a thread: None

Heap address: 0x0000000702600000, size: 4058 MB, Compressed Oops mode: Zero based, Oop shift amount: 3
Narrow klass base: 0x0000000800000000, Narrow klass shift: 0
Compressed class space size: 1073741824 Address: 0x0000000800000000

Heap:
 garbage-first heap   total 260096K, used 154726K [0x0000000702600000, 0x0000000800000000)
  region size 1024K, 150 young (153600K), 12 survivors (12288K)
 Metaspace       used 44689K, capacity 45892K, committed 46032K, reserved 1089536K
  class space    used 5319K, capacity 5815K, committed 5840K, reserved 1048576K
Heap Regions: E=young(eden), S=young(survivor), O=old, HS=humongous(starts), HC=humongous(continues), CS=collection set, F=free, A=archive, TAMS=top-at-mark-start (previous, next)
|   0|0x0000000702600000, 0x0000000702700000, 0x0000000702700000|100%|HS|  |TAMS 0x0000000702700000, 0x0000000702600000| Complete 
|   1|0x0000000702700000, 0x0000000702800000, 0x0000000702800000|100%| O|  |TAMS 0x0000000702800000, 0x0000000702700000| Untracked 
|   2|0x0000000702800000, 0x0000000702900000, 0x0000000702900000|100%| O|  |TAMS 0x0000000702900000, 0x0000000702800000| Untracked 
|   3|0x0000000702900000, 0x00000007029e0c00, 0x0000000702a00000| 87%| O|  |TAMS 0x00000007029e0c00, 0x0000000702900000| Untracked 
|   4|0x0000000702a00000, 0x0000000702a00000, 0x0000000702b00000|  0%| F|  |TAMS 0x0000000702a00000, 0x0000000702a00000| Untracked 
|   5|0x0000000702b00000, 0x0000000702b00000, 0x0000000702c00000|  0%| F|  |TAMS 0x0000000702b00000, 0x0000000702b00000| Untracked 
|   6|0x0000000702c00000, 0x0000000702c00000, 0x0000000702d00000|  0%| F|  |TAMS 0x0000000702c00000, 0x0000000702c00000| Untracked 
|   7|0x0000000702d00000, 0x0000000702d00000, 0x0000000702e00000|  0%| F|  |TAMS 0x0000000702d00000, 0x0000000702d00000| Untracked 
|   8|0x0000000702e00000, 0x0000000702e00000, 0x0000000702f00000|  0%| F|  |TAMS 0x0000000702e00000, 0x0000000702e00000| Untracked 
|   9|0x0000000702f00000, 0x0000000702f00000, 0x0000000703000000|  0%| F|  |TAMS 0x0000000702f00000, 0x0000000702f00000| Untracked 
|  10|0x0000000703000000, 0x0000000703000000, 0x0000000703100000|  0%| F|  |TAMS 0x0000000703000000, 0x0000000703000000| Untracked 
|  11|0x0000000703100000, 0x0000000703100000, 0x0000000703200000|  0%| F|  |TAMS 0x0000000703100000, 0x0000000703100000| Untracked 
|  12|0x0000000703200000, 0x0000000703200000, 0x0000000703300000|  0%| F|  |TAMS 0x0000000703200000, 0x0000000703200000| Untracked 
|  13|0x0000000703300000, 0x0000000703300000, 0x0000000703400000|  0%| F|  |TAMS 0x0000000703300000, 0x0000000703300000| Untracked 
|  14|0x0000000703400000, 0x0000000703400000, 0x0000000703500000|  0%| F|  |TAMS 0x0000000703400000, 0x0000000703400000| Untracked 
|  15|0x0000000703500000, 0x0000000703500000, 0x0000000703600000|  0%| F|  |TAMS 0x0000000703500000, 0x0000000703500000| Untracked 
|  16|0x0000000703600000, 0x0000000703600000, 0x0000000703700000|  0%| F|  |TAMS 0x0000000703600000, 0x0000000703600000| Untracked 
|  17|0x0000000703700000, 0x0000000703700000, 0x0000000703800000|  0%| F|  |TAMS 0x0000000703700000, 0x0000000703700000| Untracked 
|  18|0x0000000703800000, 0x0000000703800000, 0x0000000703900000|  0%| F|  |TAMS 0x0000000703800000, 0x0000000703800000| Untracked 
|  19|0x0000000703900000, 0x0000000703900000, 0x0000000703a00000|  0%| F|  |TAMS 0x0000000703900000, 0x0000000703900000| Untracked 
|  20|0x0000000703a00000, 0x0000000703a00000, 0x0000000703b00000|  0%| F|  |TAMS 0x0000000703a00000, 0x0000000703a00000| Untracked 
|  21|0x0000000703b00000, 0x0000000703b00000, 0x0000000703c00000|  0%| F|  |TAMS 0x0000000703b00000, 0x0000000703b00000| Untracked 
|  22|0x0000000703c00000, 0x0000000703c00000, 0x0000000703d00000|  0%| F|  |TAMS 0x0000000703c00000, 0x0000000703c00000| Untracked 
|  23|0x0000000703d00000, 0x0000000703d00000, 0x0000000703e00000|  0%| F|  |TAMS 0x0000000703d00000, 0x0000000703d00000| Untracked 
|  24|0x0000000703e00000, 0x0000000703e00000, 0x0000000703f00000|  0%| F|  |TAMS 0x0000000703e00000, 0x0000000703e00000| Untracked 
|  25|0x0000000703f00000, 0x0000000703f00000, 0x0000000704000000|  0%| F|  |TAMS 0x0000000703f00000, 0x0000000703f00000| Untracked 
|  26|0x0000000704000000, 0x0000000704000000, 0x0000000704100000|  0%| F|  |TAMS 0x0000000704000000, 0x0000000704000000| Untracked 
|  27|0x0000000704100000, 0x0000000704100000, 0x0000000704200000|  0%| F|  |TAMS 0x0000000704100000, 0x0000000704100000| Untracked 
|  28|0x0000000704200000, 0x0000000704200000, 0x0000000704300000|  0%| F|  |TAMS 0x0000000704200000, 0x0000000704200000| Untracked 
|  29|0x0000000704300000, 0x0000000704300000, 0x0000000704400000|  0%| F|  |TAMS 0x0000000704300000, 0x0000000704300000| Untracked 
|  30|0x0000000704400000, 0x0000000704400000, 0x0000000704500000|  0%| F|  |TAMS 0x0000000704400000, 0x0000000704400000| Untracked 
|  31|0x0000000704500000, 0x0000000704500000, 0x0000000704600000|  0%| F|  |TAMS 0x0000000704500000, 0x0000000704500000| Untracked 
|  32|0x0000000704600000, 0x0000000704600000, 0x0000000704700000|  0%| F|  |TAMS 0x0000000704600000, 0x0000000704600000| Untracked 
|  33|0x0000000704700000, 0x0000000704700000, 0x0000000704800000|  0%| F|  |TAMS 0x0000000704700000, 0x0000000704700000| Untracked 
|  34|0x0000000704800000, 0x0000000704800000, 0x0000000704900000|  0%| F|  |TAMS 0x0000000704800000, 0x0000000704800000| Untracked 
|  35|0x0000000704900000, 0x0000000704900000, 0x0000000704a00000|  0%| F|  |TAMS 0x0000000704900000, 0x0000000704900000| Untracked 
|  36|0x0000000704a00000, 0x0000000704a00000, 0x0000000704b00000|  0%| F|  |TAMS 0x0000000704a00000, 0x0000000704a00000| Untracked 
|  37|0x0000000704b00000, 0x0000000704b00000, 0x0000000704c00000|  0%| F|  |TAMS 0x0000000704b00000, 0x0000000704b00000| Untracked 
|  38|0x0000000704c00000, 0x0000000704c00000, 0x0000000704d00000|  0%| F|  |TAMS 0x0000000704c00000, 0x0000000704c00000| Untracked 
|  39|0x0000000704d00000, 0x0000000704d00000, 0x0000000704e00000|  0%| F|  |TAMS 0x0000000704d00000, 0x0000000704d00000| Untracked 
|  40|0x0000000704e00000, 0x0000000704e00000, 0x0000000704f00000|  0%| F|  |TAMS 0x0000000704e00000, 0x0000000704e00000| Untracked 
|  41|0x0000000704f00000, 0x0000000704f00000, 0x0000000705000000|  0%| F|  |TAMS 0x0000000704f00000, 0x0000000704f00000| Untracked 
|  42|0x0000000705000000, 0x0000000705000000, 0x0000000705100000|  0%| F|  |TAMS 0x0000000705000000, 0x0000000705000000| Untracked 
|  43|0x0000000705100000, 0x0000000705100000, 0x0000000705200000|  0%| F|  |TAMS 0x0000000705100000, 0x0000000705100000| Untracked 
|  44|0x0000000705200000, 0x0000000705200000, 0x0000000705300000|  0%| F|  |TAMS 0x0000000705200000, 0x0000000705200000| Untracked 
|  45|0x0000000705300000, 0x0000000705300000, 0x0000000705400000|  0%| F|  |TAMS 0x0000000705300000, 0x0000000705300000| Untracked 
|  46|0x0000000705400000, 0x0000000705400000, 0x0000000705500000|  0%| F|  |TAMS 0x0000000705400000, 0x0000000705400000| Untracked 
|  47|0x0000000705500000, 0x0000000705500000, 0x0000000705600000|  0%| F|  |TAMS 0x0000000705500000, 0x0000000705500000| Untracked 
|  48|0x0000000705600000, 0x0000000705600000, 0x0000000705700000|  0%| F|  |TAMS 0x0000000705600000, 0x0000000705600000| Untracked 
|  49|0x0000000705700000, 0x0000000705700000, 0x0000000705800000|  0%| F|  |TAMS 0x0000000705700000, 0x0000000705700000| Untracked 
|  50|0x0000000705800000, 0x0000000705800000, 0x0000000705900000|  0%| F|  |TAMS 0x0000000705800000, 0x0000000705800000| Untracked 
|  51|0x0000000705900000, 0x0000000705900000, 0x0000000705a00000|  0%| F|  |TAMS 0x0000000705900000, 0x0000000705900000| Untracked 
|  52|0x0000000705a00000, 0x0000000705a00000, 0x0000000705b00000|  0%| F|  |TAMS 0x0000000705a00000, 0x0000000705a00000| Untracked 
|  53|0x0000000705b00000, 0x0000000705b00000, 0x0000000705c00000|  0%| F|  |TAMS 0x0000000705b00000, 0x0000000705b00000| Untracked 
|  54|0x0000000705c00000, 0x0000000705c00000, 0x0000000705d00000|  0%| F|  |TAMS 0x0000000705c00000, 0x0000000705c00000| Untracked 
|  55|0x0000000705d00000, 0x0000000705d00000, 0x0000000705e00000|  0%| F|  |TAMS 0x0000000705d00000, 0x0000000705d00000| Untracked 
|  56|0x0000000705e00000, 0x0000000705e00000, 0x0000000705f00000|  0%| F|  |TAMS 0x0000000705e00000, 0x0000000705e00000| Untracked 
|  57|0x0000000705f00000, 0x0000000705f00000, 0x0000000706000000|  0%| F|  |TAMS 0x0000000705f00000, 0x0000000705f00000| Untracked 
|  58|0x0000000706000000, 0x0000000706000000, 0x0000000706100000|  0%| F|  |TAMS 0x0000000706000000, 0x0000000706000000| Untracked 
|  59|0x0000000706100000, 0x0000000706100000, 0x0000000706200000|  0%| F|  |TAMS 0x0000000706100000, 0x0000000706100000| Untracked 
|  60|0x0000000706200000, 0x0000000706200000, 0x0000000706300000|  0%| F|  |TAMS 0x0000000706200000, 0x0000000706200000| Untracked 
|  61|0x0000000706300000, 0x0000000706300000, 0x0000000706400000|  0%| F|  |TAMS 0x0000000706300000, 0x0000000706300000| Untracked 
|  62|0x0000000706400000, 0x0000000706400000, 0x0000000706500000|  0%| F|  |TAMS 0x0000000706400000, 0x0000000706400000| Untracked 
|  63|0x0000000706500000, 0x0000000706500000, 0x0000000706600000|  0%| F|  |TAMS 0x0000000706500000, 0x0000000706500000| Untracked 
|  64|0x0000000706600000, 0x0000000706600000, 0x0000000706700000|  0%| F|  |TAMS 0x0000000706600000, 0x0000000706600000| Untracked 
|  65|0x0000000706700000, 0x0000000706700000, 0x0000000706800000|  0%| F|  |TAMS 0x0000000706700000, 0x0000000706700000| Untracked 
|  66|0x0000000706800000, 0x0000000706800000, 0x0000000706900000|  0%| F|  |TAMS 0x0000000706800000, 0x0000000706800000| Untracked 
|  67|0x0000000706900000, 0x0000000706900000, 0x0000000706a00000|  0%| F|  |TAMS 0x0000000706900000, 0x0000000706900000| Untracked 
|  68|0x0000000706a00000, 0x0000000706a00000, 0x0000000706b00000|  0%| F|  |TAMS 0x0000000706a00000, 0x0000000706a00000| Untracked 
|  69|0x0000000706b00000, 0x0000000706b00000, 0x0000000706c00000|  0%| F|  |TAMS 0x0000000706b00000, 0x0000000706b00000| Untracked 
|  70|0x0000000706c00000, 0x0000000706c00000, 0x0000000706d00000|  0%| F|  |TAMS 0x0000000706c00000, 0x0000000706c00000| Untracked 
|  71|0x0000000706d00000, 0x0000000706d00000, 0x0000000706e00000|  0%| F|  |TAMS 0x0000000706d00000, 0x0000000706d00000| Untracked 
|  72|0x0000000706e00000, 0x0000000706e00000, 0x0000000706f00000|  0%| F|  |TAMS 0x0000000706e00000, 0x0000000706e00000| Untracked 
|  73|0x0000000706f00000, 0x0000000706f00000, 0x0000000707000000|  0%| F|  |TAMS 0x0000000706f00000, 0x0000000706f00000| Untracked 
|  74|0x0000000707000000, 0x0000000707000000, 0x0000000707100000|  0%| F|  |TAMS 0x0000000707000000, 0x0000000707000000| Untracked 
|  75|0x0000000707100000, 0x0000000707100000, 0x0000000707200000|  0%| F|  |TAMS 0x0000000707100000, 0x0000000707100000| Untracked 
|  76|0x0000000707200000, 0x0000000707200000, 0x0000000707300000|  0%| F|  |TAMS 0x0000000707200000, 0x0000000707200000| Untracked 
|  77|0x0000000707300000, 0x0000000707300000, 0x0000000707400000|  0%| F|  |TAMS 0x0000000707300000, 0x0000000707300000| Untracked 
|  78|0x0000000707400000, 0x0000000707400000, 0x0000000707500000|  0%| F|  |TAMS 0x0000000707400000, 0x0000000707400000| Untracked 
|  79|0x0000000707500000, 0x0000000707500000, 0x0000000707600000|  0%| F|  |TAMS 0x0000000707500000, 0x0000000707500000| Untracked 
|  80|0x0000000707600000, 0x0000000707600000, 0x0000000707700000|  0%| F|  |TAMS 0x0000000707600000, 0x0000000707600000| Untracked 
|  81|0x0000000707700000, 0x0000000707700000, 0x0000000707800000|  0%| F|  |TAMS 0x0000000707700000, 0x0000000707700000| Untracked 
|  82|0x0000000707800000, 0x0000000707800000, 0x0000000707900000|  0%| F|  |TAMS 0x0000000707800000, 0x0000000707800000| Untracked 
|  83|0x0000000707900000, 0x0000000707900000, 0x0000000707a00000|  0%| F|  |TAMS 0x0000000707900000, 0x0000000707900000| Untracked 
|  84|0x0000000707a00000, 0x0000000707a00000, 0x0000000707b00000|  0%| F|  |TAMS 0x0000000707a00000, 0x0000000707a00000| Untracked 
|  85|0x0000000707b00000, 0x0000000707b00000, 0x0000000707c00000|  0%| F|  |TAMS 0x0000000707b00000, 0x0000000707b00000| Untracked 
|  86|0x0000000707c00000, 0x0000000707c00000, 0x0000000707d00000|  0%| F|  |TAMS 0x0000000707c00000, 0x0000000707c00000| Untracked 
|  87|0x0000000707d00000, 0x0000000707d00000, 0x0000000707e00000|  0%| F|  |TAMS 0x0000000707d00000, 0x0000000707d00000| Untracked 
|  88|0x0000000707e00000, 0x0000000707e00000, 0x0000000707f00000|  0%| F|  |TAMS 0x0000000707e00000, 0x0000000707e00000| Untracked 
|  89|0x0000000707f00000, 0x0000000707f00000, 0x0000000708000000|  0%| F|  |TAMS 0x0000000707f00000, 0x0000000707f00000| Untracked 
|  90|0x0000000708000000, 0x0000000708000000, 0x0000000708100000|  0%| F|  |TAMS 0x0000000708000000, 0x0000000708000000| Untracked 
|  91|0x0000000708100000, 0x0000000708100000, 0x0000000708200000|  0%| F|  |TAMS 0x0000000708100000, 0x0000000708100000| Untracked 
|  92|0x0000000708200000, 0x0000000708200000, 0x0000000708300000|  0%| F|  |TAMS 0x0000000708200000, 0x0000000708200000| Untracked 
|  93|0x0000000708300000, 0x0000000708300000, 0x0000000708400000|  0%| F|  |TAMS 0x0000000708300000, 0x0000000708300000| Untracked 
|  94|0x0000000708400000, 0x0000000708400000, 0x0000000708500000|  0%| F|  |TAMS 0x0000000708400000, 0x0000000708400000| Untracked 
|  95|0x0000000708500000, 0x0000000708500000, 0x0000000708600000|  0%| F|  |TAMS 0x0000000708500000, 0x0000000708500000| Untracked 
|  96|0x0000000708600000, 0x0000000708600000, 0x0000000708700000|  0%| F|  |TAMS 0x0000000708600000, 0x0000000708600000| Untracked 
|  97|0x0000000708700000, 0x0000000708700000, 0x0000000708800000|  0%| F|  |TAMS 0x0000000708700000, 0x0000000708700000| Untracked 
|  98|0x0000000708800000, 0x0000000708800000, 0x0000000708900000|  0%| F|  |TAMS 0x0000000708800000, 0x0000000708800000| Untracked 
|  99|0x0000000708900000, 0x0000000708900000, 0x0000000708a00000|  0%| F|  |TAMS 0x0000000708900000, 0x0000000708900000| Untracked 
| 100|0x0000000708a00000, 0x0000000708a00000, 0x0000000708b00000|  0%| F|  |TAMS 0x0000000708a00000, 0x0000000708a00000| Untracked 
| 101|0x0000000708b00000, 0x0000000708b00000, 0x0000000708c00000|  0%| F|  |TAMS 0x0000000708b00000, 0x0000000708b00000| Untracked 
| 102|0x0000000708c00000, 0x0000000708c00000, 0x0000000708d00000|  0%| F|  |TAMS 0x0000000708c00000, 0x0000000708c00000| Untracked 
| 103|0x0000000708d00000, 0x0000000708d00000, 0x0000000708e00000|  0%| F|  |TAMS 0x0000000708d00000, 0x0000000708d00000| Untracked 
| 104|0x0000000708e00000, 0x0000000708f00000, 0x0000000708f00000|100%| E|  |TAMS 0x0000000708e00000, 0x0000000708e00000| Complete 
| 105|0x0000000708f00000, 0x0000000709000000, 0x0000000709000000|100%| E|CS|TAMS 0x0000000708f00000, 0x0000000708f00000| Complete 
| 106|0x0000000709000000, 0x0000000709100000, 0x0000000709100000|100%| E|CS|TAMS 0x0000000709000000, 0x0000000709000000| Complete 
| 107|0x0000000709100000, 0x0000000709200000, 0x0000000709200000|100%| E|CS|TAMS 0x0000000709100000, 0x0000000709100000| Complete 
| 108|0x0000000709200000, 0x0000000709300000, 0x0000000709300000|100%| E|CS|TAMS 0x0000000709200000, 0x0000000709200000| Complete 
| 109|0x0000000709300000, 0x0000000709400000, 0x0000000709400000|100%| E|CS|TAMS 0x0000000709300000, 0x0000000709300000| Complete 
| 110|0x0000000709400000, 0x0000000709500000, 0x0000000709500000|100%| E|CS|TAMS 0x0000000709400000, 0x0000000709400000| Complete 
| 111|0x0000000709500000, 0x0000000709600000, 0x0000000709600000|100%| E|CS|TAMS 0x0000000709500000, 0x0000000709500000| Complete 
| 112|0x0000000709600000, 0x0000000709700000, 0x0000000709700000|100%| E|CS|TAMS 0x0000000709600000, 0x0000000709600000| Complete 
| 113|0x0000000709700000, 0x0000000709800000, 0x0000000709800000|100%| E|CS|TAMS 0x0000000709700000, 0x0000000709700000| Complete 
| 114|0x0000000709800000, 0x0000000709900000, 0x0000000709900000|100%| E|CS|TAMS 0x0000000709800000, 0x0000000709800000| Complete 
| 115|0x0000000709900000, 0x0000000709a00000, 0x0000000709a00000|100%| E|CS|TAMS 0x0000000709900000, 0x0000000709900000| Complete 
| 116|0x0000000709a00000, 0x0000000709b00000, 0x0000000709b00000|100%| E|CS|TAMS 0x0000000709a00000, 0x0000000709a00000| Complete 
| 117|0x0000000709b00000, 0x0000000709c00000, 0x0000000709c00000|100%| E|CS|TAMS 0x0000000709b00000, 0x0000000709b00000| Complete 
| 118|0x0000000709c00000, 0x0000000709d00000, 0x0000000709d00000|100%| E|CS|TAMS 0x0000000709c00000, 0x0000000709c00000| Complete 
| 119|0x0000000709d00000, 0x0000000709e00000, 0x0000000709e00000|100%| E|CS|TAMS 0x0000000709d00000, 0x0000000709d00000| Complete 
| 120|0x0000000709e00000, 0x0000000709f00000, 0x0000000709f00000|100%| E|CS|TAMS 0x0000000709e00000, 0x0000000709e00000| Complete 
| 121|0x0000000709f00000, 0x000000070a000000, 0x000000070a000000|100%| E|CS|TAMS 0x0000000709f00000, 0x0000000709f00000| Complete 
| 122|0x000000070a000000, 0x000000070a100000, 0x000000070a100000|100%| E|CS|TAMS 0x000000070a000000, 0x000000070a000000| Complete 
| 123|0x000000070a100000, 0x000000070a200000, 0x000000070a200000|100%| E|CS|TAMS 0x000000070a100000, 0x000000070a100000| Complete 
| 124|0x000000070a200000, 0x000000070a300000, 0x000000070a300000|100%| E|CS|TAMS 0x000000070a200000, 0x000000070a200000| Complete 
| 125|0x000000070a300000, 0x000000070a400000, 0x000000070a400000|100%| E|CS|TAMS 0x000000070a300000, 0x000000070a300000| Complete 
| 126|0x000000070a400000, 0x000000070a500000, 0x000000070a500000|100%| E|CS|TAMS 0x000000070a400000, 0x000000070a400000| Complete 
| 127|0x000000070a500000, 0x000000070a600000, 0x000000070a600000|100%| E|CS|TAMS 0x000000070a500000, 0x000000070a500000| Complete 
| 128|0x000000070a600000, 0x000000070a700000, 0x000000070a700000|100%| E|CS|TAMS 0x000000070a600000, 0x000000070a600000| Complete 
| 129|0x000000070a700000, 0x000000070a800000, 0x000000070a800000|100%| E|CS|TAMS 0x000000070a700000, 0x000000070a700000| Complete 
| 130|0x000000070a800000, 0x000000070a900000, 0x000000070a900000|100%| E|CS|TAMS 0x000000070a800000, 0x000000070a800000| Complete 
| 131|0x000000070a900000, 0x000000070aa00000, 0x000000070aa00000|100%| E|CS|TAMS 0x000000070a900000, 0x000000070a900000| Complete 
| 132|0x000000070aa00000, 0x000000070ab00000, 0x000000070ab00000|100%| E|  |TAMS 0x000000070aa00000, 0x000000070aa00000| Complete 
| 133|0x000000070ab00000, 0x000000070ac00000, 0x000000070ac00000|100%| E|CS|TAMS 0x000000070ab00000, 0x000000070ab00000| Complete 
| 134|0x000000070ac00000, 0x000000070ad00000, 0x000000070ad00000|100%| E|CS|TAMS 0x000000070ac00000, 0x000000070ac00000| Complete 
| 135|0x000000070ad00000, 0x000000070ae00000, 0x000000070ae00000|100%| E|CS|TAMS 0x000000070ad00000, 0x000000070ad00000| Complete 
| 136|0x000000070ae00000, 0x000000070af00000, 0x000000070af00000|100%| E|CS|TAMS 0x000000070ae00000, 0x000000070ae00000| Complete 
| 137|0x000000070af00000, 0x000000070b000000, 0x000000070b000000|100%| E|CS|TAMS 0x000000070af00000, 0x000000070af00000| Complete 
| 138|0x000000070b000000, 0x000000070b100000, 0x000000070b100000|100%| E|CS|TAMS 0x000000070b000000, 0x000000070b000000| Complete 
| 139|0x000000070b100000, 0x000000070b200000, 0x000000070b200000|100%| E|CS|TAMS 0x000000070b100000, 0x000000070b100000| Complete 
| 140|0x000000070b200000, 0x000000070b300000, 0x000000070b300000|100%| E|CS|TAMS 0x000000070b200000, 0x000000070b200000| Complete 
| 141|0x000000070b300000, 0x000000070b400000, 0x000000070b400000|100%| E|CS|TAMS 0x000000070b300000, 0x000000070b300000| Complete 
| 142|0x000000070b400000, 0x000000070b500000, 0x000000070b500000|100%| E|CS|TAMS 0x000000070b400000, 0x000000070b400000| Complete 
| 143|0x000000070b500000, 0x000000070b600000, 0x000000070b600000|100%| E|CS|TAMS 0x000000070b500000, 0x000000070b500000| Complete 
| 144|0x000000070b600000, 0x000000070b700000, 0x000000070b700000|100%| E|CS|TAMS 0x000000070b600000, 0x000000070b600000| Complete 
| 145|0x000000070b700000, 0x000000070b800000, 0x000000070b800000|100%| E|CS|TAMS 0x000000070b700000, 0x000000070b700000| Complete 
| 146|0x000000070b800000, 0x000000070b900000, 0x000000070b900000|100%| E|CS|TAMS 0x000000070b800000, 0x000000070b800000| Complete 
| 147|0x000000070b900000, 0x000000070ba00000, 0x000000070ba00000|100%| E|CS|TAMS 0x000000070b900000, 0x000000070b900000| Complete 
| 148|0x000000070ba00000, 0x000000070bb00000, 0x000000070bb00000|100%| E|CS|TAMS 0x000000070ba00000, 0x000000070ba00000| Complete 
| 149|0x000000070bb00000, 0x000000070bc00000, 0x000000070bc00000|100%| E|CS|TAMS 0x000000070bb00000, 0x000000070bb00000| Complete 
| 150|0x000000070bc00000, 0x000000070bd00000, 0x000000070bd00000|100%| E|CS|TAMS 0x000000070bc00000, 0x000000070bc00000| Complete 
| 151|0x000000070bd00000, 0x000000070be00000, 0x000000070be00000|100%| E|CS|TAMS 0x000000070bd00000, 0x000000070bd00000| Complete 
| 152|0x000000070be00000, 0x000000070bf00000, 0x000000070bf00000|100%| E|CS|TAMS 0x000000070be00000, 0x000000070be00000| Complete 
| 153|0x000000070bf00000, 0x000000070c000000, 0x000000070c000000|100%| E|CS|TAMS 0x000000070bf00000, 0x000000070bf00000| Complete 
| 154|0x000000070c000000, 0x000000070c100000, 0x000000070c100000|100%| E|CS|TAMS 0x000000070c000000, 0x000000070c000000| Complete 
| 155|0x000000070c100000, 0x000000070c200000, 0x000000070c200000|100%| E|CS|TAMS 0x000000070c100000, 0x000000070c100000| Complete 
| 156|0x000000070c200000, 0x000000070c300000, 0x000000070c300000|100%| E|CS|TAMS 0x000000070c200000, 0x000000070c200000| Complete 
| 157|0x000000070c300000, 0x000000070c400000, 0x000000070c400000|100%| E|CS|TAMS 0x000000070c300000, 0x000000070c300000| Complete 
| 158|0x000000070c400000, 0x000000070c500000, 0x000000070c500000|100%| E|CS|TAMS 0x000000070c400000, 0x000000070c400000| Complete 
| 159|0x000000070c500000, 0x000000070c600000, 0x000000070c600000|100%| E|CS|TAMS 0x000000070c500000, 0x000000070c500000| Complete 
| 160|0x000000070c600000, 0x000000070c700000, 0x000000070c700000|100%| E|CS|TAMS 0x000000070c600000, 0x000000070c600000| Complete 
| 161|0x000000070c700000, 0x000000070c800000, 0x000000070c800000|100%| E|CS|TAMS 0x000000070c700000, 0x000000070c700000| Complete 
| 162|0x000000070c800000, 0x000000070c900000, 0x000000070c900000|100%| E|CS|TAMS 0x000000070c800000, 0x000000070c800000| Complete 
| 163|0x000000070c900000, 0x000000070ca00000, 0x000000070ca00000|100%| E|CS|TAMS 0x000000070c900000, 0x000000070c900000| Complete 
| 164|0x000000070ca00000, 0x000000070cb00000, 0x000000070cb00000|100%| E|CS|TAMS 0x000000070ca00000, 0x000000070ca00000| Complete 
| 165|0x000000070cb00000, 0x000000070cc00000, 0x000000070cc00000|100%| E|CS|TAMS 0x000000070cb00000, 0x000000070cb00000| Complete 
| 166|0x000000070cc00000, 0x000000070cd00000, 0x000000070cd00000|100%| E|CS|TAMS 0x000000070cc00000, 0x000000070cc00000| Complete 
| 167|0x000000070cd00000, 0x000000070ce00000, 0x000000070ce00000|100%| E|CS|TAMS 0x000000070cd00000, 0x000000070cd00000| Complete 
| 168|0x000000070ce00000, 0x000000070cf00000, 0x000000070cf00000|100%| E|CS|TAMS 0x000000070ce00000, 0x000000070ce00000| Complete 
| 169|0x000000070cf00000, 0x000000070d000000, 0x000000070d000000|100%| E|CS|TAMS 0x000000070cf00000, 0x000000070cf00000| Complete 
| 170|0x000000070d000000, 0x000000070d100000, 0x000000070d100000|100%| E|CS|TAMS 0x000000070d000000, 0x000000070d000000| Complete 
| 171|0x000000070d100000, 0x000000070d200000, 0x000000070d200000|100%| E|CS|TAMS 0x000000070d100000, 0x000000070d100000| Complete 
| 172|0x000000070d200000, 0x000000070d300000, 0x000000070d300000|100%| E|CS|TAMS 0x000000070d200000, 0x000000070d200000| Complete 
| 173|0x000000070d300000, 0x000000070d400000, 0x000000070d400000|100%| E|CS|TAMS 0x000000070d300000, 0x000000070d300000| Complete 
| 174|0x000000070d400000, 0x000000070d500000, 0x000000070d500000|100%| E|CS|TAMS 0x000000070d400000, 0x000000070d400000| Complete 
| 175|0x000000070d500000, 0x000000070d600000, 0x000000070d600000|100%| E|CS|TAMS 0x000000070d500000, 0x000000070d500000| Complete 
| 176|0x000000070d600000, 0x000000070d700000, 0x000000070d700000|100%| E|CS|TAMS 0x000000070d600000, 0x000000070d600000| Complete 
| 177|0x000000070d700000, 0x000000070d800000, 0x000000070d800000|100%| E|CS|TAMS 0x000000070d700000, 0x000000070d700000| Complete 
| 178|0x000000070d800000, 0x000000070d900000, 0x000000070d900000|100%| E|CS|TAMS 0x000000070d800000, 0x000000070d800000| Complete 
| 179|0x000000070d900000, 0x000000070da00000, 0x000000070da00000|100%| E|CS|TAMS 0x000000070d900000, 0x000000070d900000| Complete 
| 180|0x000000070da00000, 0x000000070db00000, 0x000000070db00000|100%| E|CS|TAMS 0x000000070da00000, 0x000000070da00000| Complete 
| 181|0x000000070db00000, 0x000000070dc00000, 0x000000070dc00000|100%| E|CS|TAMS 0x000000070db00000, 0x000000070db00000| Complete 
| 182|0x000000070dc00000, 0x000000070dd00000, 0x000000070dd00000|100%| E|CS|TAMS 0x000000070dc00000, 0x000000070dc00000| Complete 
| 183|0x000000070dd00000, 0x000000070de00000, 0x000000070de00000|100%| E|CS|TAMS 0x000000070dd00000, 0x000000070dd00000| Complete 
| 184|0x000000070de00000, 0x000000070df00000, 0x000000070df00000|100%| E|CS|TAMS 0x000000070de00000, 0x000000070de00000| Complete 
| 185|0x000000070df00000, 0x000000070e000000, 0x000000070e000000|100%| E|CS|TAMS 0x000000070df00000, 0x000000070df00000| Complete 
| 186|0x000000070e000000, 0x000000070e100000, 0x000000070e100000|100%| E|CS|TAMS 0x000000070e000000, 0x000000070e000000| Complete 
| 187|0x000000070e100000, 0x000000070e200000, 0x000000070e200000|100%| E|CS|TAMS 0x000000070e100000, 0x000000070e100000| Complete 
| 188|0x000000070e200000, 0x000000070e300000, 0x000000070e300000|100%| E|CS|TAMS 0x000000070e200000, 0x000000070e200000| Complete 
| 189|0x000000070e300000, 0x000000070e400000, 0x000000070e400000|100%| E|CS|TAMS 0x000000070e300000, 0x000000070e300000| Complete 
| 190|0x000000070e400000, 0x000000070e500000, 0x000000070e500000|100%| E|CS|TAMS 0x000000070e400000, 0x000000070e400000| Complete 
| 191|0x000000070e500000, 0x000000070e600000, 0x000000070e600000|100%| E|CS|TAMS 0x000000070e500000, 0x000000070e500000| Complete 
| 192|0x000000070e600000, 0x000000070e700000, 0x000000070e700000|100%| E|CS|TAMS 0x000000070e600000, 0x000000070e600000| Complete 
| 193|0x000000070e700000, 0x000000070e800000, 0x000000070e800000|100%| E|CS|TAMS 0x000000070e700000, 0x000000070e700000| Complete 
| 194|0x000000070e800000, 0x000000070e900000, 0x000000070e900000|100%| E|CS|TAMS 0x000000070e800000, 0x000000070e800000| Complete 
| 195|0x000000070e900000, 0x000000070ea00000, 0x000000070ea00000|100%| E|CS|TAMS 0x000000070e900000, 0x000000070e900000| Complete 
| 196|0x000000070ea00000, 0x000000070eb00000, 0x000000070eb00000|100%| E|CS|TAMS 0x000000070ea00000, 0x000000070ea00000| Complete 
| 197|0x000000070eb00000, 0x000000070ec00000, 0x000000070ec00000|100%| E|CS|TAMS 0x000000070eb00000, 0x000000070eb00000| Complete 
| 198|0x000000070ec00000, 0x000000070ed00000, 0x000000070ed00000|100%| E|CS|TAMS 0x000000070ec00000, 0x000000070ec00000| Complete 
| 199|0x000000070ed00000, 0x000000070ee00000, 0x000000070ee00000|100%| E|CS|TAMS 0x000000070ed00000, 0x000000070ed00000| Complete 
| 200|0x000000070ee00000, 0x000000070ef00000, 0x000000070ef00000|100%| E|CS|TAMS 0x000000070ee00000, 0x000000070ee00000| Complete 
| 201|0x000000070ef00000, 0x000000070f000000, 0x000000070f000000|100%| E|CS|TAMS 0x000000070ef00000, 0x000000070ef00000| Complete 
| 202|0x000000070f000000, 0x000000070f100000, 0x000000070f100000|100%| E|CS|TAMS 0x000000070f000000, 0x000000070f000000| Complete 
| 203|0x000000070f100000, 0x000000070f200000, 0x000000070f200000|100%| E|CS|TAMS 0x000000070f100000, 0x000000070f100000| Complete 
| 204|0x000000070f200000, 0x000000070f300000, 0x000000070f300000|100%| E|CS|TAMS 0x000000070f200000, 0x000000070f200000| Complete 
| 205|0x000000070f300000, 0x000000070f400000, 0x000000070f400000|100%| E|CS|TAMS 0x000000070f300000, 0x000000070f300000| Complete 
| 206|0x000000070f400000, 0x000000070f500000, 0x000000070f500000|100%| E|CS|TAMS 0x000000070f400000, 0x000000070f400000| Complete 
| 207|0x000000070f500000, 0x000000070f600000, 0x000000070f600000|100%| E|CS|TAMS 0x000000070f500000, 0x000000070f500000| Complete 
| 208|0x000000070f600000, 0x000000070f700000, 0x000000070f700000|100%| E|CS|TAMS 0x000000070f600000, 0x000000070f600000| Complete 
| 209|0x000000070f700000, 0x000000070f800000, 0x000000070f800000|100%| E|CS|TAMS 0x000000070f700000, 0x000000070f700000| Complete 
| 210|0x000000070f800000, 0x000000070f900000, 0x000000070f900000|100%| E|CS|TAMS 0x000000070f800000, 0x000000070f800000| Complete 
| 211|0x000000070f900000, 0x000000070fa00000, 0x000000070fa00000|100%| E|CS|TAMS 0x000000070f900000, 0x000000070f900000| Complete 
| 212|0x000000070fa00000, 0x000000070fb00000, 0x000000070fb00000|100%| E|CS|TAMS 0x000000070fa00000, 0x000000070fa00000| Complete 
| 213|0x000000070fb00000, 0x000000070fc00000, 0x000000070fc00000|100%| E|CS|TAMS 0x000000070fb00000, 0x000000070fb00000| Complete 
| 214|0x000000070fc00000, 0x000000070fc38c08, 0x000000070fd00000| 22%| S|CS|TAMS 0x000000070fc00000, 0x000000070fc00000| Complete 
| 215|0x000000070fd00000, 0x000000070fe00000, 0x000000070fe00000|100%| S|CS|TAMS 0x000000070fd00000, 0x000000070fd00000| Complete 
| 216|0x000000070fe00000, 0x000000070ff00000, 0x000000070ff00000|100%| S|CS|TAMS 0x000000070fe00000, 0x000000070fe00000| Complete 
| 217|0x000000070ff00000, 0x0000000710000000, 0x0000000710000000|100%| S|CS|TAMS 0x000000070ff00000, 0x000000070ff00000| Complete 
| 218|0x0000000710000000, 0x0000000710100000, 0x0000000710100000|100%| S|CS|TAMS 0x0000000710000000, 0x0000000710000000| Complete 
| 219|0x0000000710100000, 0x0000000710200000, 0x0000000710200000|100%| S|CS|TAMS 0x0000000710100000, 0x0000000710100000| Complete 
| 220|0x0000000710200000, 0x0000000710300000, 0x0000000710300000|100%| S|CS|TAMS 0x0000000710200000, 0x0000000710200000| Complete 
| 221|0x0000000710300000, 0x0000000710400000, 0x0000000710400000|100%| S|CS|TAMS 0x0000000710300000, 0x0000000710300000| Complete 
| 222|0x0000000710400000, 0x0000000710500000, 0x0000000710500000|100%| S|CS|TAMS 0x0000000710400000, 0x0000000710400000| Complete 
| 223|0x0000000710500000, 0x0000000710600000, 0x0000000710600000|100%| S|CS|TAMS 0x0000000710500000, 0x0000000710500000| Complete 
| 224|0x0000000710600000, 0x0000000710700000, 0x0000000710700000|100%| S|CS|TAMS 0x0000000710600000, 0x0000000710600000| Complete 
| 225|0x0000000710700000, 0x0000000710800000, 0x0000000710800000|100%| S|CS|TAMS 0x0000000710700000, 0x0000000710700000| Complete 
| 226|0x0000000710800000, 0x0000000710900000, 0x0000000710900000|100%| E|CS|TAMS 0x0000000710800000, 0x0000000710800000| Complete 
| 227|0x0000000710900000, 0x0000000710a00000, 0x0000000710a00000|100%| E|CS|TAMS 0x0000000710900000, 0x0000000710900000| Complete 
| 228|0x0000000710a00000, 0x0000000710b00000, 0x0000000710b00000|100%| E|CS|TAMS 0x0000000710a00000, 0x0000000710a00000| Complete 
| 229|0x0000000710b00000, 0x0000000710c00000, 0x0000000710c00000|100%| E|CS|TAMS 0x0000000710b00000, 0x0000000710b00000| Complete 
| 230|0x0000000710c00000, 0x0000000710d00000, 0x0000000710d00000|100%| E|CS|TAMS 0x0000000710c00000, 0x0000000710c00000| Complete 
| 231|0x0000000710d00000, 0x0000000710e00000, 0x0000000710e00000|100%| E|CS|TAMS 0x0000000710d00000, 0x0000000710d00000| Complete 
| 232|0x0000000710e00000, 0x0000000710f00000, 0x0000000710f00000|100%| E|CS|TAMS 0x0000000710e00000, 0x0000000710e00000| Complete 
| 233|0x0000000710f00000, 0x0000000711000000, 0x0000000711000000|100%| E|CS|TAMS 0x0000000710f00000, 0x0000000710f00000| Complete 
| 234|0x0000000711000000, 0x0000000711100000, 0x0000000711100000|100%| E|CS|TAMS 0x0000000711000000, 0x0000000711000000| Complete 
| 235|0x0000000711100000, 0x0000000711200000, 0x0000000711200000|100%| E|CS|TAMS 0x0000000711100000, 0x0000000711100000| Complete 
| 236|0x0000000711200000, 0x0000000711300000, 0x0000000711300000|100%| E|CS|TAMS 0x0000000711200000, 0x0000000711200000| Complete 
| 237|0x0000000711300000, 0x0000000711400000, 0x0000000711400000|100%| E|CS|TAMS 0x0000000711300000, 0x0000000711300000| Complete 
| 238|0x0000000711400000, 0x0000000711500000, 0x0000000711500000|100%| E|CS|TAMS 0x0000000711400000, 0x0000000711400000| Complete 
| 239|0x0000000711500000, 0x0000000711600000, 0x0000000711600000|100%| E|CS|TAMS 0x0000000711500000, 0x0000000711500000| Complete 
| 240|0x0000000711600000, 0x0000000711700000, 0x0000000711700000|100%| E|CS|TAMS 0x0000000711600000, 0x0000000711600000| Complete 
| 241|0x0000000711700000, 0x0000000711800000, 0x0000000711800000|100%| E|CS|TAMS 0x0000000711700000, 0x0000000711700000| Complete 
| 242|0x0000000711800000, 0x0000000711900000, 0x0000000711900000|100%| E|CS|TAMS 0x0000000711800000, 0x0000000711800000| Complete 
| 243|0x0000000711900000, 0x0000000711a00000, 0x0000000711a00000|100%| E|CS|TAMS 0x0000000711900000, 0x0000000711900000| Complete 
| 244|0x0000000711a00000, 0x0000000711b00000, 0x0000000711b00000|100%| E|CS|TAMS 0x0000000711a00000, 0x0000000711a00000| Complete 
| 245|0x0000000711b00000, 0x0000000711c00000, 0x0000000711c00000|100%| E|CS|TAMS 0x0000000711b00000, 0x0000000711b00000| Complete 
| 246|0x0000000711c00000, 0x0000000711d00000, 0x0000000711d00000|100%| E|CS|TAMS 0x0000000711c00000, 0x0000000711c00000| Complete 
| 247|0x0000000711d00000, 0x0000000711e00000, 0x0000000711e00000|100%| E|CS|TAMS 0x0000000711d00000, 0x0000000711d00000| Complete 
| 248|0x0000000711e00000, 0x0000000711f00000, 0x0000000711f00000|100%| E|CS|TAMS 0x0000000711e00000, 0x0000000711e00000| Complete 
| 249|0x0000000711f00000, 0x0000000712000000, 0x0000000712000000|100%| E|CS|TAMS 0x0000000711f00000, 0x0000000711f00000| Complete 
| 250|0x0000000712000000, 0x0000000712100000, 0x0000000712100000|100%| E|CS|TAMS 0x0000000712000000, 0x0000000712000000| Complete 
| 251|0x0000000712100000, 0x0000000712200000, 0x0000000712200000|100%| E|CS|TAMS 0x0000000712100000, 0x0000000712100000| Complete 
| 252|0x0000000712200000, 0x0000000712300000, 0x0000000712300000|100%| E|CS|TAMS 0x0000000712200000, 0x0000000712200000| Complete 
| 253|0x0000000712300000, 0x0000000712400000, 0x0000000712400000|100%| E|CS|TAMS 0x0000000712300000, 0x0000000712300000| Complete 

Card table byte_map: [0x000001d1f6ac0000,0x000001d1f72b0000] _byte_map_base: 0x000001d1f32ad000

Marking Bits (Prev, Next): (CMBitMap*) 0x000001d1edc72e98, (CMBitMap*) 0x000001d1edc72ed0
 Prev Bits: [0x000001d1f7aa0000, 0x000001d1fba08000)
 Next Bits: [0x000001d1fba10000, 0x000001d1ff978000)

Polling page: 0x000001d1ebda0000

Metaspace:

Usage:
  Non-class:     39.26 MB capacity,    38.54 MB ( 98%) used,   587.10 KB (  1%) free+waste,   149.56 KB ( <1%) overhead. 
      Class:      5.71 MB capacity,     5.20 MB ( 91%) used,   449.68 KB (  8%) free+waste,    71.19 KB (  1%) overhead. 
       Both:     44.97 MB capacity,    43.74 MB ( 97%) used,     1.01 MB (  2%) free+waste,   220.75 KB ( <1%) overhead. 

Virtual space:
  Non-class space:       40.00 MB reserved,      39.50 MB ( 99%) committed 
      Class space:        1.00 GB reserved,       5.83 MB ( <1%) committed 
             Both:        1.04 GB reserved,      45.33 MB (  4%) committed 

Chunk freelists:
   Non-Class:  6.38 KB
       Class:  1.13 KB
        Both:  7.50 KB

CodeHeap 'non-profiled nmethods': size=120000Kb used=2442Kb max_used=2442Kb free=117557Kb
 bounds [0x000001d187ad0000, 0x000001d187d40000, 0x000001d18f000000]
CodeHeap 'profiled nmethods': size=120000Kb used=10277Kb max_used=10277Kb free=109722Kb
 bounds [0x000001d1805a0000, 0x000001d180fb0000, 0x000001d187ad0000]
CodeHeap 'non-nmethods': size=5760Kb used=1165Kb max_used=1210Kb free=4594Kb
 bounds [0x000001d180000000, 0x000001d180270000, 0x000001d1805a0000]
 total_blobs=5938 nmethods=4205 adapters=403
 compilation: enabled
              stopped_count=0, restarted_count=0
 full_count=0

Compilation events (10 events):
Event: 3.942 Thread 0x000001d191fc9800 nmethod 4234 0x000001d187d2d890 code [0x000001d187d2da60, 0x000001d187d2e278]
Event: 3.942 Thread 0x000001d191fc9800 4290       4       java.lang.Character::charCount (12 bytes)
Event: 3.943 Thread 0x000001d191fc9800 nmethod 4290 0x000001d187d2e710 code [0x000001d187d2e8a0, 0x000001d187d2e8f8]
Event: 3.943 Thread 0x000001d191fc9800 4338       4       java.util.WeakHashMap::maskNull (12 bytes)
Event: 3.943 Thread 0x000001d191fc9800 nmethod 4338 0x000001d187d2e990 code [0x000001d187d2eb20, 0x000001d187d2eb78]
Event: 3.943 Thread 0x000001d191fc9800 4339       4       java.util.WeakHashMap::hash (28 bytes)
Event: 3.944 Thread 0x000001d191fc9800 nmethod 4339 0x000001d187d2ec10 code [0x000001d187d2eda0, 0x000001d187d2ee98]
Event: 3.944 Thread 0x000001d191fc9800 4323       4       java.util.AbstractList::<init> (10 bytes)
Event: 3.944 Thread 0x000001d191fc9800 nmethod 4323 0x000001d187d2ef90 code [0x000001d187d2f120, 0x000001d187d2f198]
Event: 3.944 Thread 0x000001d191fc9800 4311       4       java.util.AbstractMap::<init> (5 bytes)

GC Heap History (8 events):
Event: 0.573 GC heap before
{Heap before GC invocations=0 (full 0):
 garbage-first heap   total 260096K, used 24576K [0x0000000702600000, 0x0000000800000000)
  region size 1024K, 24 young (24576K), 0 survivors (0K)
 Metaspace       used 11207K, capacity 11412K, committed 11648K, reserved 1060864K
  class space    used 1081K, capacity 1146K, committed 1152K, reserved 1048576K
}
Event: 0.576 GC heap after
{Heap after GC invocations=1 (full 0):
 garbage-first heap   total 260096K, used 7043K [0x0000000702600000, 0x0000000800000000)
  region size 1024K, 3 young (3072K), 3 survivors (3072K)
 Metaspace       used 11207K, capacity 11412K, committed 11648K, reserved 1060864K
  class space    used 1081K, capacity 1146K, committed 1152K, reserved 1048576K
}
Event: 1.162 GC heap before
{Heap before GC invocations=1 (full 0):
 garbage-first heap   total 260096K, used 85891K [0x0000000702600000, 0x0000000800000000)
  region size 1024K, 82 young (83968K), 3 survivors (3072K)
 Metaspace       used 20647K, capacity 21162K, committed 21248K, reserved 1069056K
  class space    used 2346K, capacity 2536K, committed 2560K, reserved 1048576K
}
Event: 1.167 GC heap after
{Heap after GC invocations=2 (full 0):
 garbage-first heap   total 260096K, used 9580K [0x0000000702600000, 0x0000000800000000)
  region size 1024K, 6 young (6144K), 6 survivors (6144K)
 Metaspace       used 20647K, capacity 21162K, committed 21248K, reserved 1069056K
  class space    used 2346K, capacity 2536K, committed 2560K, reserved 1048576K
}
Event: 2.210 GC heap before
{Heap before GC invocations=3 (full 0):
 garbage-first heap   total 260096K, used 158060K [0x0000000702600000, 0x0000000800000000)
  region size 1024K, 152 young (155648K), 6 survivors (6144K)
 Metaspace       used 30711K, capacity 31500K, committed 31612K, reserved 1077248K
  class space    used 3589K, capacity 3915K, committed 3964K, reserved 1048576K
}
Event: 2.217 GC heap after
{Heap after GC invocations=4 (full 0):
 garbage-first heap   total 260096K, used 13805K [0x0000000702600000, 0x0000000800000000)
  region size 1024K, 10 young (10240K), 10 survivors (10240K)
 Metaspace       used 30711K, capacity 31500K, committed 31612K, reserved 1077248K
  class space    used 3589K, capacity 3915K, committed 3964K, reserved 1048576K
}
Event: 2.732 GC heap before
{Heap before GC invocations=4 (full 0):
 garbage-first heap   total 260096K, used 41453K [0x0000000702600000, 0x0000000800000000)
  region size 1024K, 38 young (38912K), 10 survivors (10240K)
 Metaspace       used 35051K, capacity 35959K, committed 36048K, reserved 1081344K
  class space    used 4120K, capacity 4498K, committed 4560K, reserved 1048576K
}
Event: 2.741 GC heap after
{Heap after GC invocations=5 (full 0):
 garbage-first heap   total 260096K, used 15462K [0x0000000702600000, 0x0000000800000000)
  region size 1024K, 12 young (12288K), 12 survivors (12288K)
 Metaspace       used 35051K, capacity 35959K, committed 36048K, reserved 1081344K
  class space    used 4120K, capacity 4498K, committed 4560K, reserved 1048576K
}

Deoptimization events (10 events):
Event: 3.675 Thread 0x000001d1920e1000 Uncommon trap: reason=speculate_class_check action=maybe_recompile pc=0x000001d187bce8f8 method=java.util.zip.InflaterInputStream.read([BII)I @ 100 c2
Event: 3.676 Thread 0x000001d1920e1000 Uncommon trap: reason=speculate_class_check action=maybe_recompile pc=0x000001d187bce8f8 method=java.util.zip.InflaterInputStream.read([BII)I @ 100 c2
Event: 3.676 Thread 0x000001d1920e1000 Uncommon trap: reason=speculate_class_check action=maybe_recompile pc=0x000001d187bce8f8 method=java.util.zip.InflaterInputStream.read([BII)I @ 100 c2
Event: 3.676 Thread 0x000001d1920e1000 Uncommon trap: reason=speculate_class_check action=maybe_recompile pc=0x000001d187bce8f8 method=java.util.zip.InflaterInputStream.read([BII)I @ 100 c2
Event: 3.844 Thread 0x000001d1920e1000 Uncommon trap: reason=unstable_if action=reinterpret pc=0x000001d187d02bfc method=java.lang.StringLatin1.compareToCI([B[B)I @ 31 c2
Event: 3.875 Thread 0x000001d1920e1000 Uncommon trap: reason=null_check action=make_not_entrant pc=0x000001d187c40ee8 method=java.util.AbstractCollection.toArray([Ljava/lang/Object;)[Ljava/lang/Object; @ 116 c2
Event: 3.909 Thread 0x000001d1920e1000 Uncommon trap: reason=unstable_if action=reinterpret pc=0x000001d187d00944 method=java.util.Properties$LineReader.readLine()I @ 153 c2
Event: 3.911 Thread 0x000001d1920e1000 Uncommon trap: reason=unstable_if action=reinterpret pc=0x000001d187cfa608 method=java.util.Properties$LineReader.readLine()I @ 153 c2
Event: 3.911 Thread 0x000001d1920e1000 Uncommon trap: reason=unstable_if action=reinterpret pc=0x000001d187cd1a20 method=java.util.Properties.load0(Ljava/util/Properties$LineReader;)V @ 32 c2
Event: 3.913 Thread 0x000001d1920e1000 Uncommon trap: reason=unstable_if action=reinterpret pc=0x000001d187cc4e4c method=java.util.Properties.load0(Ljava/util/Properties$LineReader;)V @ 32 c2

Classes redefined (0 events):
No events

Internal exceptions (10 events):
Event: 3.734 Thread 0x000001d1920e1000 Exception <a 'java/io/FileNotFoundException'{0x0000000709c59658}> (0x0000000709c59658) thrown at [t:/workspace/open/src/hotspot/share/prims/jni.cpp, line 615]
Event: 3.769 Thread 0x000001d1920e1000 Exception <a 'java/lang/NoSuchMethodError'{0x0000000709a5bdb0}: java.lang.invoke.DirectMethodHandle$Holder.invokeInterface(Ljava/lang/Object;Ljava/lang/Object;Ljava/lang/Object;Ljava/lang/Object;)I> (0x0000000709a5bdb0) thrown at [t:/workspace/open/src/ho
Event: 3.828 Thread 0x000001d1920e1000 Exception <a 'java/lang/NoSuchMethodError'{0x00000007096c42a8}: java.lang.invoke.DirectMethodHandle$Holder.invokeStaticInit(Ljava/lang/Object;)V> (0x00000007096c42a8) thrown at [t:/workspace/open/src/hotspot/share/interpreter/linkResolver.cpp, line 772]
Event: 3.835 Thread 0x000001d1920e1000 Exception <a 'java/lang/IncompatibleClassChangeError'{0x00000007096dd140}: Found class java.lang.Object, but interface was expected> (0x00000007096dd140) thrown at [t:/workspace/open/src/hotspot/share/interpreter/linkResolver.cpp, line 838]
Event: 3.851 Thread 0x000001d1920e1000 Exception <a 'java/lang/NoSuchMethodError'{0x0000000709577f00}: java.lang.invoke.DirectMethodHandle$Holder.invokeStatic(Ljava/lang/Object;Ljava/lang/Object;Ljava/lang/Object;Ljava/lang/Object;Ljava/lang/Object;Ljava/lang/Object;Ljava/lang/Object;Ljava/lan
Event: 3.852 Thread 0x000001d1920e1000 Exception <a 'java/lang/NoSuchMethodError'{0x0000000709596888}: java.lang.invoke.DirectMethodHandle$Holder.invokeStatic(Ljava/lang/Object;Ljava/lang/Object;Ljava/lang/Object;Ljava/lang/Object;Ljava/lang/Object;Ljava/lang/Object;Ljava/lang/Object;Ljava/lan
Event: 3.853 Thread 0x000001d1920e1000 Exception <a 'java/lang/NoSuchMethodError'{0x00000007095b5e08}: java.lang.invoke.DirectMethodHandle$Holder.invokeStatic(Ljava/lang/Object;Ljava/lang/Object;Ljava/lang/Object;Ljava/lang/Object;Ljava/lang/Object;Ljava/lang/Object;Ljava/lang/Object;Ljava/lan
Event: 3.854 Thread 0x000001d1920e1000 Exception <a 'java/lang/NoSuchMethodError'{0x00000007095d6ab0}: java.lang.invoke.DirectMethodHandle$Holder.invokeStatic(Ljava/lang/Object;Ljava/lang/Object;Ljava/lang/Object;Ljava/lang/Object;Ljava/lang/Object;Ljava/lang/Object;Ljava/lang/Object;Ljava/lan
Event: 3.875 Thread 0x000001d1920e1000 Implicit null exception at 0x000001d187c40cdd to 0x000001d187c40ede
Event: 3.916 Thread 0x000001d1920e1000 Exception <a 'java/lang/NoClassDefFoundError'{0x0000000709137840}: oracle/security/pki/OraclePKIProvider> (0x0000000709137840) thrown at [t:/workspace/open/src/hotspot/share/classfile/systemDictionary.cpp, line 220]

Events (10 events):
Event: 3.940 loading class org/h2/message/TraceObject
Event: 3.940 loading class org/h2/message/TraceObject done
Event: 3.941 loading class org/h2/message/DbException
Event: 3.941 loading class org/h2/message/DbException done
Event: 3.942 loading class org/h2/value/Value
Event: 3.942 loading class org/h2/value/Value done
Event: 3.943 loading class org/h2/value/VersionedValue
Event: 3.943 loading class org/h2/value/VersionedValue done
Event: 3.943 loading class org/h2/value/ValueInt
Event: 3.943 loading class org/h2/value/ValueInt done


Dynamic libraries:
0x00007ff6d7820000 - 0x00007ff6d7867000 	C:\Program Files\Java\jdk-11.0.6\bin\javaw.exe
0x00007ffe294d0000 - 0x00007ffe296c5000 	C:\WINDOWS\SYSTEM32\ntdll.dll
0x00007ffe27e70000 - 0x00007ffe27f2e000 	C:\WINDOWS\System32\KERNEL32.DLL
0x00007ffe27130000 - 0x00007ffe273f9000 	C:\WINDOWS\System32\KERNELBASE.dll
0x00007ffe29260000 - 0x00007ffe2930c000 	C:\WINDOWS\System32\ADVAPI32.dll
0x00007ffe28740000 - 0x00007ffe287de000 	C:\WINDOWS\System32\msvcrt.dll
0x00007ffe29310000 - 0x00007ffe293ab000 	C:\WINDOWS\System32\sechost.dll
0x00007ffe28b50000 - 0x00007ffe28c7a000 	C:\WINDOWS\System32\RPCRT4.dll
0x00007ffe27bf0000 - 0x00007ffe27d91000 	C:\WINDOWS\System32\USER32.dll
0x00007ffe26da0000 - 0x00007ffe26dc2000 	C:\WINDOWS\System32\win32u.dll
0x00007ffe29160000 - 0x00007ffe2918b000 	C:\WINDOWS\System32\GDI32.dll
0x00007ffe27020000 - 0x00007ffe2712b000 	C:\WINDOWS\System32\gdi32full.dll
0x00007ffe26f30000 - 0x00007ffe26fcd000 	C:\WINDOWS\System32\msvcp_win.dll
0x00007ffe26ca0000 - 0x00007ffe26da0000 	C:\WINDOWS\System32\ucrtbase.dll
0x00007ffe0ec40000 - 0x00007ffe0eeda000 	C:\WINDOWS\WinSxS\amd64_microsoft.windows.common-controls_6595b64144ccf1df_6.0.19041.1110_none_60b5254171f9507e\COMCTL32.dll
0x00007ffe1d7f0000 - 0x00007ffe1d7fa000 	C:\WINDOWS\SYSTEM32\VERSION.dll
0x00007ffe27f30000 - 0x00007ffe27f60000 	C:\WINDOWS\System32\IMM32.DLL
0x00007ffdff470000 - 0x00007ffdff486000 	C:\Program Files\Java\jdk-11.0.6\bin\vcruntime140.dll
0x00007ffdd61a0000 - 0x00007ffdd624a000 	C:\Program Files\Java\jdk-11.0.6\bin\msvcp140.dll
0x00007ffdc57f0000 - 0x00007ffdc6319000 	C:\Program Files\Java\jdk-11.0.6\bin\server\jvm.dll
0x00007ffe28720000 - 0x00007ffe28728000 	C:\WINDOWS\System32\PSAPI.DLL
0x00007ffe0f090000 - 0x00007ffe0f0b7000 	C:\WINDOWS\SYSTEM32\WINMM.dll
0x00007ffe1ad70000 - 0x00007ffe1ad79000 	C:\WINDOWS\SYSTEM32\WSOCK32.dll
0x00007ffe277c0000 - 0x00007ffe2782b000 	C:\WINDOWS\System32\WS2_32.dll
0x00007ffe25460000 - 0x00007ffe25472000 	C:\WINDOWS\SYSTEM32\kernel.appcore.dll
0x00007ffdff450000 - 0x00007ffdff461000 	C:\Program Files\Java\jdk-11.0.6\bin\verify.dll
0x00007ffe25190000 - 0x00007ffe25374000 	C:\WINDOWS\SYSTEM32\DBGHELP.DLL
0x00007ffe1a820000 - 0x00007ffe1a84c000 	C:\WINDOWS\SYSTEM32\dbgcore.DLL
0x00007ffe27400000 - 0x00007ffe27483000 	C:\WINDOWS\System32\bcryptPrimitives.dll
0x00007ffdff420000 - 0x00007ffdff449000 	C:\Program Files\Java\jdk-11.0.6\bin\java.dll
0x00007ffdff400000 - 0x00007ffdff416000 	C:\Program Files\Java\jdk-11.0.6\bin\zip.dll
0x00007ffe1a360000 - 0x00007ffe1a36a000 	C:\Program Files\Java\jdk-11.0.6\bin\jimage.dll
0x00007ffe27fe0000 - 0x00007ffe2871f000 	C:\WINDOWS\System32\SHELL32.dll
0x00007ffe24940000 - 0x00007ffe250d0000 	C:\WINDOWS\SYSTEM32\windows.storage.dll
0x00007ffe287e0000 - 0x00007ffe28b35000 	C:\WINDOWS\System32\combase.dll
0x00007ffe26640000 - 0x00007ffe2666c000 	C:\WINDOWS\SYSTEM32\Wldp.dll
0x00007ffe27dc0000 - 0x00007ffe27e6e000 	C:\WINDOWS\System32\SHCORE.dll
0x00007ffe275b0000 - 0x00007ffe27605000 	C:\WINDOWS\System32\shlwapi.dll
0x00007ffe26b30000 - 0x00007ffe26b4f000 	C:\WINDOWS\SYSTEM32\profapi.dll
0x00007ffdff180000 - 0x00007ffdff199000 	C:\Program Files\Java\jdk-11.0.6\bin\net.dll
0x00007ffe1e210000 - 0x00007ffe1e318000 	C:\WINDOWS\SYSTEM32\WINHTTP.dll
0x00007ffe263a0000 - 0x00007ffe2640a000 	C:\WINDOWS\system32\mswsock.dll
0x00007ffdff160000 - 0x00007ffdff173000 	C:\Program Files\Java\jdk-11.0.6\bin\nio.dll
0x00007ffdff150000 - 0x00007ffdff159000 	C:\Program Files\Java\jdk-11.0.6\bin\management.dll
0x00007ffdff110000 - 0x00007ffdff11c000 	C:\Program Files\Java\jdk-11.0.6\bin\management_ext.dll
0x00007ffdfb0d0000 - 0x00007ffdfb0e7000 	C:\WINDOWS\system32\napinsp.dll
0x00007ffdfb0a0000 - 0x00007ffdfb0bb000 	C:\WINDOWS\system32\pnrpnsp.dll
0x00007ffdfa3e0000 - 0x00007ffdfa3f5000 	C:\WINDOWS\system32\wshbth.dll
0x00007ffe1eb30000 - 0x00007ffe1eb4d000 	C:\WINDOWS\system32\NLAapi.dll
0x00007ffe26040000 - 0x00007ffe2607b000 	C:\WINDOWS\SYSTEM32\IPHLPAPI.DLL
0x00007ffe26080000 - 0x00007ffe2614c000 	C:\WINDOWS\SYSTEM32\DNSAPI.dll
0x00007ffe28b40000 - 0x00007ffe28b48000 	C:\WINDOWS\System32\NSI.dll
0x00007ffdf9b80000 - 0x00007ffdf9b92000 	C:\WINDOWS\System32\winrnr.dll
0x00007ffe1c510000 - 0x00007ffe1c51a000 	C:\Windows\System32\rasadhlp.dll
0x00007ffe1afc0000 - 0x00007ffe1b03f000 	C:\WINDOWS\System32\fwpuclnt.dll
0x00007ffe27490000 - 0x00007ffe274b7000 	C:\WINDOWS\System32\bcrypt.dll
0x00007ffe26590000 - 0x00007ffe265a8000 	C:\WINDOWS\SYSTEM32\CRYPTSP.dll
0x00007ffe25cb0000 - 0x00007ffe25ce4000 	C:\WINDOWS\system32\rsaenh.dll
0x00007ffe26af0000 - 0x00007ffe26b1e000 	C:\WINDOWS\SYSTEM32\USERENV.dll
0x00007ffe265b0000 - 0x00007ffe265bc000 	C:\WINDOWS\SYSTEM32\CRYPTBASE.dll
0x00007ffe1c580000 - 0x00007ffe1c597000 	C:\WINDOWS\SYSTEM32\dhcpcsvc6.DLL
0x00007ffe1c560000 - 0x00007ffe1c57d000 	C:\WINDOWS\SYSTEM32\dhcpcsvc.DLL

dbghelp: loaded successfully - version: 4.0.5 - missing functions: none
symbol engine: initialized successfully - sym options: 0x614 - pdb path: .;C:\Program Files\Java\jdk-11.0.6\bin;C:\WINDOWS\SYSTEM32;C:\WINDOWS\WinSxS\amd64_microsoft.windows.common-controls_6595b64144ccf1df_6.0.19041.1110_none_60b5254171f9507e;C:\Program Files\Java\jdk-11.0.6\bin\server

VM Arguments:
jvm_args: -Dfile.encoding=UTF-8 
java_command: br.com.fiap.oneid.OneidApplication
java_class_path (initial): D:\Fiap\2021\OneID\OneIDWorkspace\OneID\target\classes;C:\Users\guhda\.m2\repository\org\springframework\data\spring-data-jpa\2.5.3\spring-data-jpa-2.5.3.jar;C:\Users\guhda\.m2\repository\org\springframework\data\spring-data-commons\2.5.3\spring-data-commons-2.5.3.jar;C:\Users\guhda\.m2\repository\org\springframework\spring-orm\5.3.9\spring-orm-5.3.9.jar;C:\Users\guhda\.m2\repository\org\springframework\spring-jdbc\5.3.9\spring-jdbc-5.3.9.jar;C:\Users\guhda\.m2\repository\org\springframework\spring-context\5.3.9\spring-context-5.3.9.jar;C:\Users\guhda\.m2\repository\org\springframework\spring-expression\5.3.9\spring-expression-5.3.9.jar;C:\Users\guhda\.m2\repository\org\springframework\spring-aop\5.3.9\spring-aop-5.3.9.jar;C:\Users\guhda\.m2\repository\org\springframework\spring-tx\5.3.9\spring-tx-5.3.9.jar;C:\Users\guhda\.m2\repository\org\springframework\spring-beans\5.3.9\spring-beans-5.3.9.jar;C:\Users\guhda\.m2\repository\org\springframework\spring-core\5.3.9\spring-core-5.3.9.jar;C:\Users\guhda\.m2\repository\org\springframework\spring-jcl\5.3.9\spring-jcl-5.3.9.jar;C:\Users\guhda\.m2\repository\org\aspectj\aspectjrt\1.9.7\aspectjrt-1.9.7.jar;C:\Users\guhda\.m2\repository\org\slf4j\slf4j-api\1.7.32\slf4j-api-1.7.32.jar;C:\Users\guhda\.m2\repository\com\h2database\h2\1.4.200\h2-1.4.200.jar;C:\Users\guhda\.m2\repository\org\springframework\boot\spring-boot-starter-thymeleaf\2.5.3\spring-boot-starter-thymeleaf-2.5.3.jar;C:\Users\guhda\.m2\repository\org\thymeleaf\thymeleaf-spring5\3.0.12.RELEASE\thymeleaf-spring5-3.0.12.RELEASE.jar;C:\Users\guhda\.m2\repository\org\thymeleaf\thymeleaf\3.0.12.RELEASE\thymeleaf-3.0.12.RELEASE.jar;C:\Users\guhda\.m2\repository\org\attoparser\attoparser\2.0.5.RELEASE\attoparser-2.0.5.RELEASE.jar;C:\Users\guhda\.m2\repository\org\unbescape\unbescape\1.1.6.RELEASE\unbescape-1.1.6.RELEASE.jar;C:\Users\guhda\.m2\repository\org\thymeleaf\extras\thymeleaf-extras-java8time\3.0.4.RELEASE\thymeleaf-extras-java8tim
Launcher Type: SUN_STANDARD

[Global flags]
     intx CICompilerCount                          = 4                                         {product} {ergonomic}
     uint ConcGCThreads                            = 2                                         {product} {ergonomic}
     uint G1ConcRefinementThreads                  = 8                                         {product} {ergonomic}
   size_t G1HeapRegionSize                         = 1048576                                   {product} {ergonomic}
    uintx GCDrainStackTargetSize                   = 64                                        {product} {ergonomic}
   size_t InitialHeapSize                          = 266338304                                 {product} {ergonomic}
   size_t MarkStackSize                            = 4194304                                   {product} {ergonomic}
   size_t MaxHeapSize                              = 4255121408                                {product} {ergonomic}
   size_t MaxNewSize                               = 2552233984                                {product} {ergonomic}
   size_t MinHeapDeltaBytes                        = 1048576                                   {product} {ergonomic}
    uintx NonNMethodCodeHeapSize                   = 5836300                                {pd product} {ergonomic}
    uintx NonProfiledCodeHeapSize                  = 122910970                              {pd product} {ergonomic}
    uintx ProfiledCodeHeapSize                     = 122910970                              {pd product} {ergonomic}
    uintx ReservedCodeCacheSize                    = 251658240                              {pd product} {ergonomic}
     bool SegmentedCodeCache                       = true                                      {product} {ergonomic}
     bool UseCompressedClassPointers               = true                                 {lp64_product} {ergonomic}
     bool UseCompressedOops                        = true                                 {lp64_product} {ergonomic}
     bool UseG1GC                                  = true                                      {product} {ergonomic}
     bool UseLargePagesIndividualAllocation        = false                                  {pd product} {ergonomic}

Logging:
Log output configuration:
 #0: stdout all=warning uptime,level,tags
 #1: stderr all=off uptime,level,tags

Environment Variables:
PATH=C:/Program Files/Java/jdk-13.0.2/bin/server;C:/Program Files/Java/jdk-13.0.2/bin;C:\Program Files (x86)\Common Files\Oracle\Java\javapath;D:\app\guhda\product\18.0.0\dbhomeXE\bin;C:\Windows\system32;C:\Windows;C:\Windows\System32\Wbem;C:\Windows\System32\WindowsPowerShell\v1.0\;C:\Windows\System32\OpenSSH\;C:\Program Files (x86)\NVIDIA Corporation\PhysX\Common;C:\Program Files\NVIDIA Corporation\NVIDIA NvDLISR;C:\Program Files\nodejs\;D:\Git\cmd;C:\WINDOWS\system32;C:\WINDOWS;C:\WINDOWS\System32\Wbem;C:\WINDOWS\System32\WindowsPowerShell\v1.0\;C:\WINDOWS\System32\OpenSSH\;C:\Program Files\dotnet\;C:\Program Files\Microsoft SQL Server\130\Tools\Binn\;C:\Program Files\Microsoft SQL Server\Client SDK\ODBC\170\Tools\Binn\;C:\Users\guhda\AppData\Local\Programs\Python\Python38\Scripts\;C:\Users\guhda\AppData\Local\Programs\Python\Python38\;C:\Program Files\Java\jdk-11.0.6\bin;C:\Program Files\JetBrains\PyCharm Community Edition 2019.3.3\bin;D:\Microsoft VS Code\bin;D:\PyCharm Community Edition 2020.2.3\bin;;C:\Users\guhda\AppData\Roaming\npm;C:\Users\guhda\AppData\Local\Microsoft\WindowsApps;C:\Users\guhda\.dotnet\tools;C:\WINDOWS\system32;
USERNAME=guhda
OS=Windows_NT
PROCESSOR_IDENTIFIER=Intel64 Family 6 Model 158 Stepping 10, GenuineIntel



---------------  S Y S T E M  ---------------

OS: Windows 10 , 64 bit Build 19041 (10.0.19041.1202)

CPU:total 8 (initial active 8) (4 cores per cpu, 2 threads per core) family 6 model 158 stepping 10, cmov, cx8, fxsr, mmx, sse, sse2, sse3, ssse3, sse4.1, sse4.2, popcnt, avx, avx2, aes, clmul, erms, 3dnowpref, lzcnt, ht, tsc, tscinvbit, bmi1, bmi2, adx, fma

Memory: 4k page, system-wide physical 16225M (5925M free)
TotalPageFile size 19225M (AvailPageFile size 5M)
current process WorkingSet (physical memory assigned to process): 346M, peak: 346M
current process commit charge ("private bytes"): 476M, peak: 476M

vm_info: Java HotSpot(TM) 64-Bit Server VM (11.0.6+8-LTS) for windows-amd64 JRE (11.0.6+8-LTS), built on Dec 11 2019 09:17:57 by "mach5one" with MS VC++ 15.5 (VS2017)

END.
